<?xml version="1.0" encoding="UTF-8" ?>
<testsuite errors="0" failures="0" hostname="apposit-pc" name="com.tekdays.TekUserTests" tests="1" time="0.278" timestamp="2016-03-14T11:41:07">
  <properties />
  <testcase classname="com.tekdays.TekUserTests" name="testSomething" time="0.104" />
  <system-out><![CDATA[--Output from testSomething--
]]></system-out>
  <system-err><![CDATA[--Output from testSomething--
]]></system-err>
</testsuite>
