<?xml version="1.0" encoding="UTF-8" ?>
<testsuite errors="0" failures="0" hostname="apposit-pc" name="com.tekdays.TekEventTests" tests="2" time="0.794" timestamp="2016-03-14T11:41:06">
  <properties />
  <testcase classname="com.tekdays.TekEventTests" name="testToString" time="0.624" />
  <testcase classname="com.tekdays.TekEventTests" name="testBootStrap" time="0.034" />
  <system-out><![CDATA[--Output from testToString--
--Output from testBootStrap--
]]></system-out>
  <system-err><![CDATA[--Output from testToString--
--Output from testBootStrap--
]]></system-err>
</testsuite>
